Wed Nov 09 20:40:58 UTC 2016
 inicio imagen  
    ########       ########                  ####        ########     
   ##########     ##########                 ####       ##########    
   ##########    #####  #####               #####       ##########    
  ####    ####   ###      ###              ######      ####    ####   
  ###      ###   ###      ###              ### ##      ###      ###   
  ###      ###   ###      ###             ###  ##      ###      ###   
  ###      ###   ###      ###    ##      ####  ##      ###      ###   
  ###      ###   #####  #####    ##      ###   ##      ###      ###   
  ##        ##    ##########     ##     ####   ##      ##        ##   
  ##        ##    ##########            ###    ##      ##        ##   
  ###      ###   #####  #####          ###     ##      ###      ###   
  ###      ###   ###      ###          ###     ##      ###      ###   
  ###      ###   ###      ###          #############   ###      ###   
  ###      ###   ###      ###          #############   ###      ###   
  ####    ####   ###      ###                  ##      ####    ####   
   ##########    #####  #####    ##            ##       ##########    
   ##########     ##########     ##            ##       ##########    
     #######       ########      ##            ##         #######     
     ERROR
  +-------------------------+
  ! no existe el directorio !
  !  hostUno
  !                         ! 
  +-------------------------+ 
   
Presione la tecla ENTER para cerrar la ventana
   
Exception in thread "main" 